<?xml version="1.0" encoding="UTF-8"?>
<!-- Generated by org.testng.reporters.JUnitXMLReporter -->
<testsuite ignored="0" hostname="seleniuminstance2-0" failures="0" tests="3" name="Surefire test" time="33.322" errors="0" timestamp="2023-09-20T10:40:14 UTC">
  <testcase classname="runner.Testcase3" name="TC_003" time="9.85"/>
  <testcase classname="runner.Testcase2" name="TC_002" time="7.935"/>
  <testcase classname="runner.Testcase1" name="TC_001" time="5.489"/>
</testsuite> <!-- Surefire test -->
